0 info it worked if it ends with ok
1 verbose cli [ '/usr/bin/node', '/usr/bin/npm', 'install', '-g', 'eslint' ]
2 info using npm@1.4.28
3 info using node@v0.10.37
4 verbose node symlink /usr/bin/node
5 verbose cache add [ 'eslint', null ]
6 verbose cache add name=undefined spec="eslint" args=["eslint",null]
7 verbose parsed url { protocol: null,
7 verbose parsed url   slashes: null,
7 verbose parsed url   auth: null,
7 verbose parsed url   host: null,
7 verbose parsed url   port: null,
7 verbose parsed url   hostname: null,
7 verbose parsed url   hash: null,
7 verbose parsed url   search: null,
7 verbose parsed url   query: null,
7 verbose parsed url   pathname: 'eslint',
7 verbose parsed url   path: 'eslint',
7 verbose parsed url   href: 'eslint' }
8 silly lockFile e0b0b266-eslint eslint
9 verbose lock eslint /home/mohammed/.npm/e0b0b266-eslint.lock
10 silly lockFile e0b0b266-eslint eslint
11 silly lockFile e0b0b266-eslint eslint
12 verbose addNamed [ 'eslint', '' ]
13 verbose addNamed [ null, '*' ]
14 silly lockFile 62e46387-eslint eslint@
15 verbose lock eslint@ /home/mohammed/.npm/62e46387-eslint.lock
16 silly addNameRange { name: 'eslint', range: '*', hasData: false }
17 verbose request where is /eslint
18 verbose request registry https://registry.npmjs.org/
19 verbose request id 8812d30873faf6f1
20 verbose url raw /eslint
21 verbose url resolving [ 'https://registry.npmjs.org/', './eslint' ]
22 verbose url resolved https://registry.npmjs.org/eslint
23 verbose request where is https://registry.npmjs.org/eslint
24 info trying registry request attempt 1 at 19:51:18
25 http GET https://registry.npmjs.org/eslint
26 http 200 https://registry.npmjs.org/eslint
27 silly registry.get cb [ 200,
27 silly registry.get   { server: 'CouchDB/1.5.0 (Erlang OTP/R16B03)',
27 silly registry.get     etag: '"8O2HFJW0K3S251PKF4AULEZU8"',
27 silly registry.get     'content-type': 'application/json',
27 silly registry.get     'cache-control': 'max-age=300',
27 silly registry.get     'content-length': '216942',
27 silly registry.get     'accept-ranges': 'bytes',
27 silly registry.get     date: 'Sat, 12 Dec 2015 00:52:36 GMT',
27 silly registry.get     via: '1.1 varnish',
27 silly registry.get     age: '37',
27 silly registry.get     connection: 'keep-alive',
27 silly registry.get     'x-served-by': 'cache-jfk1030-JFK',
27 silly registry.get     'x-cache': 'HIT',
27 silly registry.get     'x-cache-hits': '266',
27 silly registry.get     'x-timer': 'S1449881556.295750,VS0,VE0',
27 silly registry.get     vary: 'Accept' } ]
28 silly addNameRange number 2 { name: 'eslint', range: '*', hasData: true }
29 silly addNameRange versions [ 'eslint',
29 silly addNameRange   [ '0.0.4',
29 silly addNameRange     '0.0.5',
29 silly addNameRange     '0.0.6',
29 silly addNameRange     '0.0.7',
29 silly addNameRange     '0.1.0-dev',
29 silly addNameRange     '0.1.0',
29 silly addNameRange     '0.1.1',
29 silly addNameRange     '0.1.2',
29 silly addNameRange     '0.1.3',
29 silly addNameRange     '0.1.4',
29 silly addNameRange     '0.2.0',
29 silly addNameRange     '0.3.0',
29 silly addNameRange     '0.4.0',
29 silly addNameRange     '0.4.1',
29 silly addNameRange     '0.4.2',
29 silly addNameRange     '0.4.3',
29 silly addNameRange     '0.4.4',
29 silly addNameRange     '0.4.5',
29 silly addNameRange     '0.5.0',
29 silly addNameRange     '0.5.1',
29 silly addNameRange     '0.6.0',
29 silly addNameRange     '0.6.1',
29 silly addNameRange     '0.6.2',
29 silly addNameRange     '0.7.1',
29 silly addNameRange     '0.7.2',
29 silly addNameRange     '0.7.3',
29 silly addNameRange     '0.7.4',
29 silly addNameRange     '0.8.0',
29 silly addNameRange     '0.8.1',
29 silly addNameRange     '0.8.2',
29 silly addNameRange     '0.9.0',
29 silly addNameRange     '0.9.1',
29 silly addNameRange     '0.9.2',
29 silly addNameRange     '0.10.0-alpha',
29 silly addNameRange     '0.10.0-alpha.1',
29 silly addNameRange     '0.10.0-alpha.2',
29 silly addNameRange     '0.10.0',
29 silly addNameRange     '0.11.0-alpha.0',
29 silly addNameRange     '0.10.1',
29 silly addNameRange     '0.10.2',
29 silly addNameRange     '0.11.0',
29 silly addNameRange     '0.12.0',
29 silly addNameRange     '0.13.0',
29 silly addNameRange     '0.14.0',
29 silly addNameRange     '0.14.1',
29 silly addNameRange     '0.15.0',
29 silly addNameRange     '0.15.1',
29 silly addNameRange     '0.16.0',
29 silly addNameRange     '0.16.1',
29 silly addNameRange     '0.16.2',
29 silly addNameRange     '0.17.0',
29 silly addNameRange     '0.17.1',
29 silly addNameRange     '0.18.0',
29 silly addNameRange     '0.19.0',
29 silly addNameRange     '0.20.0',
29 silly addNameRange     '0.21.0',
29 silly addNameRange     '0.21.1',
29 silly addNameRange     '0.21.2',
29 silly addNameRange     '0.22.0',
29 silly addNameRange     '0.22.1',
29 silly addNameRange     '0.23.0',
29 silly addNameRange     '0.24.0',
29 silly addNameRange     '0.24.1',
29 silly addNameRange     '1.0.0-rc-1',
29 silly addNameRange     '1.0.0-rc-2',
29 silly addNameRange     '1.0.0-rc-3',
29 silly addNameRange     '1.0.0',
29 silly addNameRange     '1.1.0',
29 silly addNameRange     '1.2.0',
29 silly addNameRange     '1.2.1',
29 silly addNameRange     '1.3.0',
29 silly addNameRange     '1.3.1',
29 silly addNameRange     '1.4.0',
29 silly addNameRange     '1.4.1',
29 silly addNameRange     '1.4.2',
29 silly addNameRange     '1.4.3',
29 silly addNameRange     '1.5.0',
29 silly addNameRange     '1.5.1',
29 silly addNameRange     '1.6.0',
29 silly addNameRange     '1.7.0',
29 silly addNameRange     '1.7.1',
29 silly addNameRange     '1.7.2',
29 silly addNameRange     '1.7.3',
29 silly addNameRange     '1.8.0',
29 silly addNameRange     '1.9.0',
29 silly addNameRange     '1.10.0',
29 silly addNameRange     '1.10.1',
29 silly addNameRange     '1.10.2',
29 silly addNameRange     '1.10.3',
29 silly addNameRange     '2.0.0-alpha-1' ] ]
30 verbose addNamed [ 'eslint', '1.10.3' ]
31 verbose addNamed [ '1.10.3', '1.10.3' ]
32 silly lockFile 936d1e19-eslint-1-10-3 eslint@1.10.3
33 verbose lock eslint@1.10.3 /home/mohammed/.npm/936d1e19-eslint-1-10-3.lock
34 silly lockFile 6cd524e1-mjs-org-eslint-eslint-1-10-3-tgz https://registry.npmjs.org/eslint/-/eslint-1.10.3.tgz
35 verbose lock https://registry.npmjs.org/eslint/-/eslint-1.10.3.tgz /home/mohammed/.npm/6cd524e1-mjs-org-eslint-eslint-1-10-3-tgz.lock
36 verbose addRemoteTarball [ 'https://registry.npmjs.org/eslint/-/eslint-1.10.3.tgz',
36 verbose addRemoteTarball   'fb19a91b13c158082bbca294b17d979bc8353a0a' ]
37 info retry fetch attempt 1 at 19:51:19
38 verbose fetch to= /tmp/npm-19225-iDffCP9g/registry.npmjs.org/eslint/-/eslint-1.10.3.tgz
39 http GET https://registry.npmjs.org/eslint/-/eslint-1.10.3.tgz
40 http 200 https://registry.npmjs.org/eslint/-/eslint-1.10.3.tgz
41 silly lockFile 6cd524e1-mjs-org-eslint-eslint-1-10-3-tgz https://registry.npmjs.org/eslint/-/eslint-1.10.3.tgz
42 silly lockFile 6cd524e1-mjs-org-eslint-eslint-1-10-3-tgz https://registry.npmjs.org/eslint/-/eslint-1.10.3.tgz
43 silly lockFile 936d1e19-eslint-1-10-3 eslint@1.10.3
44 silly lockFile 936d1e19-eslint-1-10-3 eslint@1.10.3
45 silly lockFile 62e46387-eslint eslint@
46 silly lockFile 62e46387-eslint eslint@
47 silly resolved [ { name: 'eslint',
47 silly resolved     version: '1.10.3',
47 silly resolved     author:
47 silly resolved      { name: 'Nicholas C. Zakas',
47 silly resolved        email: 'nicholas+npm@nczconsulting.com' },
47 silly resolved     description: 'An AST-based pattern checker for JavaScript.',
47 silly resolved     bin: { eslint: './bin/eslint.js' },
47 silly resolved     main: './lib/api.js',
47 silly resolved     scripts:
47 silly resolved      { test: 'node Makefile.js test',
47 silly resolved        lint: 'node Makefile.js lint',
47 silly resolved        patch: 'node Makefile.js patch',
47 silly resolved        minor: 'node Makefile.js minor',
47 silly resolved        major: 'node Makefile.js major',
47 silly resolved        docs: 'node Makefile.js docs',
47 silly resolved        gensite: 'node Makefile.js gensite',
47 silly resolved        browserify: 'node Makefile.js browserify',
47 silly resolved        perf: 'node Makefile.js perf',
47 silly resolved        profile: 'beefy tests/bench/bench.js --open -- -t brfs -t ./tests/bench/xform-rules.js -r espree',
47 silly resolved        coveralls: 'cat ./coverage/lcov.info | coveralls',
47 silly resolved        'check-commit': 'node Makefile.js checkGitCommit' },
47 silly resolved     files: [ 'LICENSE', 'README.md', 'bin', 'conf', 'lib' ],
47 silly resolved     repository: { type: 'git', url: 'https://github.com/eslint/eslint' },
47 silly resolved     homepage: 'http://eslint.org',
47 silly resolved     bugs: { url: 'https://github.com/eslint/eslint/issues/' },
47 silly resolved     dependencies:
47 silly resolved      { chalk: '^1.0.0',
47 silly resolved        'concat-stream': '^1.4.6',
47 silly resolved        debug: '^2.1.1',
47 silly resolved        doctrine: '^0.7.1',
47 silly resolved        'escape-string-regexp': '^1.0.2',
47 silly resolved        escope: '^3.3.0',
47 silly resolved        espree: '^2.2.4',
47 silly resolved        estraverse: '^4.1.1',
47 silly resolved        'estraverse-fb': '^1.3.1',
47 silly resolved        esutils: '^2.0.2',
47 silly resolved        'file-entry-cache': '^1.1.1',
47 silly resolved        glob: '^5.0.14',
47 silly resolved        globals: '^8.11.0',
47 silly resolved        handlebars: '^4.0.0',
47 silly resolved        inquirer: '^0.11.0',
47 silly resolved        'is-my-json-valid': '^2.10.0',
47 silly resolved        'is-resolvable': '^1.0.0',
47 silly resolved        'js-yaml': '3.4.5',
47 silly resolved        'json-stable-stringify': '^1.0.0',
47 silly resolved        'lodash.clonedeep': '^3.0.1',
47 silly resolved        'lodash.merge': '^3.3.2',
47 silly resolved        'lodash.omit': '^3.1.0',
47 silly resolved        minimatch: '^3.0.0',
47 silly resolved        mkdirp: '^0.5.0',
47 silly resolved        'object-assign': '^4.0.1',
47 silly resolved        optionator: '^0.6.0',
47 silly resolved        'path-is-absolute': '^1.0.0',
47 silly resolved        'path-is-inside': '^1.0.1',
47 silly resolved        shelljs: '^0.5.3',
47 silly resolved        'strip-json-comments': '~1.0.1',
47 silly resolved        'text-table': '~0.2.0',
47 silly resolved        'user-home': '^2.0.0',
47 silly resolved        'xml-escape': '~1.0.0' },
47 silly resolved     devDependencies:
47 silly resolved      { beefy: '^1.0.0',
47 silly resolved        brfs: '0.0.9',
47 silly resolved        browserify: '^12.0.1',
47 silly resolved        chai: '^3.4.0',
47 silly resolved        cheerio: '^0.19.0',
47 silly resolved        coveralls: '2.11.4',
47 silly resolved        dateformat: '^1.0.8',
47 silly resolved        ejs: '^2.3.3',
47 silly resolved        esprima: '^2.4.1',
47 silly resolved        'esprima-fb': '^15001.1001.0-dev-harmony-fb',
47 silly resolved        'gh-got': '^2.2.0',
47 silly resolved        istanbul: '^0.4.0',
47 silly resolved        jsdoc: '^3.3.0-beta1',
47 silly resolved        jsonlint: '^1.6.2',
47 silly resolved        leche: '^2.1.1',
47 silly resolved        linefix: '^0.1.1',
47 silly resolved        'load-perf': '^0.2.0',
47 silly resolved        markdownlint: '^0.0.8',
47 silly resolved        mocha: '^2.1.0',
47 silly resolved        'mocha-phantomjs': '4.0.1',
47 silly resolved        'npm-license': '^0.3.1',
47 silly resolved        phantomjs: '1.9.18',
47 silly resolved        proxyquire: '^1.0.0',
47 silly resolved        rewire: '^2.3.4',
47 silly resolved        semver: '^5.0.3',
47 silly resolved        'shelljs-nodecli': '~0.1.0',
47 silly resolved        sinon: '1.17.2',
47 silly resolved        through: '^2.3.6' },
47 silly resolved     keywords: [ 'ast', 'lint', 'javascript', 'ecmascript', 'espree' ],
47 silly resolved     license: 'MIT',
47 silly resolved     engines: { node: '>=0.10' },
47 silly resolved     gitHead: '2436cc6c1816a7890e35dab38e609daee84d7530',
47 silly resolved     _id: 'eslint@1.10.3',
47 silly resolved     _shasum: 'fb19a91b13c158082bbca294b17d979bc8353a0a',
47 silly resolved     _from: 'eslint@',
47 silly resolved     _npmVersion: '1.4.28',
47 silly resolved     _npmUser: { name: 'nzakas', email: 'nicholas@nczconsulting.com' },
47 silly resolved     maintainers: [ [Object], [Object] ],
47 silly resolved     dist:
47 silly resolved      { shasum: 'fb19a91b13c158082bbca294b17d979bc8353a0a',
47 silly resolved        tarball: 'http://registry.npmjs.org/eslint/-/eslint-1.10.3.tgz' },
47 silly resolved     directories: {},
47 silly resolved     _resolved: 'https://registry.npmjs.org/eslint/-/eslint-1.10.3.tgz' } ]
48 info install eslint@1.10.3 into /usr/lib
49 info installOne eslint@1.10.3
50 verbose lib/node_modules/eslint unbuild
51 verbose tar unpack /home/mohammed/.npm/eslint/1.10.3/package.tgz
52 silly lockFile e333a705-tar-usr-lib-node-modules-eslint tar:///usr/lib/node_modules/eslint
53 verbose lock tar:///usr/lib/node_modules/eslint /home/mohammed/.npm/e333a705-tar-usr-lib-node-modules-eslint.lock
54 silly lockFile 0f392574-ed-npm-eslint-1-10-3-package-tgz tar:///home/mohammed/.npm/eslint/1.10.3/package.tgz
55 verbose lock tar:///home/mohammed/.npm/eslint/1.10.3/package.tgz /home/mohammed/.npm/0f392574-ed-npm-eslint-1-10-3-package-tgz.lock
56 silly gunzTarPerm modes [ '775', '664' ]
57 error Error: EACCES, mkdir '/usr/lib/node_modules/eslint'
57 error  { [Error: EACCES, mkdir '/usr/lib/node_modules/eslint']
57 error   errno: 3,
57 error   code: 'EACCES',
57 error   path: '/usr/lib/node_modules/eslint',
57 error   fstream_type: 'Directory',
57 error   fstream_path: '/usr/lib/node_modules/eslint',
57 error   fstream_class: 'DirWriter',
57 error   fstream_stack:
57 error    [ '/usr/lib/node_modules/npm/node_modules/fstream/lib/dir-writer.js:36:23',
57 error      '/usr/lib/node_modules/npm/node_modules/mkdirp/index.js:46:53',
57 error      'Object.oncomplete (fs.js:108:15)' ] }
58 error Please try running this command again as root/Administrator.
59 error System Linux 3.11.0-26-generic
60 error command "/usr/bin/node" "/usr/bin/npm" "install" "-g" "eslint"
61 error cwd /home/mohammed/OpenDSA
62 error node -v v0.10.37
63 error npm -v 1.4.28
64 error path /usr/lib/node_modules/eslint
65 error fstream_path /usr/lib/node_modules/eslint
66 error fstream_type Directory
67 error fstream_class DirWriter
68 error code EACCES
69 error errno 3
70 error stack Error: EACCES, mkdir '/usr/lib/node_modules/eslint'
71 error fstream_stack /usr/lib/node_modules/npm/node_modules/fstream/lib/dir-writer.js:36:23
71 error fstream_stack /usr/lib/node_modules/npm/node_modules/mkdirp/index.js:46:53
71 error fstream_stack Object.oncomplete (fs.js:108:15)
72 verbose exit [ 3, true ]
